0 info it worked if it ends with ok
1 verbose cli [ 'C:\\Program Files\\nodejs\\node.exe',
1 verbose cli   'C:\\Program Files\\nodejs\\node_modules\\npm\\bin\\npm-cli.js',
1 verbose cli   'install',
1 verbose cli   '--save',
1 verbose cli   'angular' ]
2 info using npm@3.3.12
3 info using node@v5.2.0
4 silly loadCurrentTree Starting
5 silly install loadCurrentTree
6 silly install readLocalPackageData
7 silly fetchPackageMetaData angular
8 silly fetchNamedPackageData angular
9 silly mapToRegistry name angular
10 silly mapToRegistry using default registry
11 silly mapToRegistry registry https://registry.npmjs.org/
12 silly mapToRegistry uri https://registry.npmjs.org/angular
13 verbose request uri https://registry.npmjs.org/angular
14 verbose request no auth needed
15 info attempt registry request try #1 at 11:42:27
16 verbose request id 9fd4f89dde4cf3ec
17 verbose etag W/"583f6def-22910"
18 verbose lastModified Thu, 01 Dec 2016 00:25:19 GMT
19 http request GET https://registry.npmjs.org/angular
20 http 304 https://registry.npmjs.org/angular
21 verbose headers { date: 'Tue, 06 Dec 2016 03:42:38 GMT',
21 verbose headers   via: '1.1 varnish',
21 verbose headers   'cache-control': 'max-age=300',
21 verbose headers   etag: 'W/"583f6def-22910"',
21 verbose headers   age: '169',
21 verbose headers   connection: 'keep-alive',
21 verbose headers   'x-served-by': 'cache-itm7422-ITM',
21 verbose headers   'x-cache': 'HIT',
21 verbose headers   'x-cache-hits': '2',
21 verbose headers   'x-timer': 'S1480995758.661613,VS0,VE0',
21 verbose headers   vary: 'Accept-Encoding' }
22 silly get cb [ 304,
22 silly get   { date: 'Tue, 06 Dec 2016 03:42:38 GMT',
22 silly get     via: '1.1 varnish',
22 silly get     'cache-control': 'max-age=300',
22 silly get     etag: 'W/"583f6def-22910"',
22 silly get     age: '169',
22 silly get     connection: 'keep-alive',
22 silly get     'x-served-by': 'cache-itm7422-ITM',
22 silly get     'x-cache': 'HIT',
22 silly get     'x-cache-hits': '2',
22 silly get     'x-timer': 'S1480995758.661613,VS0,VE0',
22 silly get     vary: 'Accept-Encoding' } ]
23 verbose etag https://registry.npmjs.org/angular from cache
24 verbose get saving angular to C:\Users\lenovo\AppData\Roaming\npm-cache\registry.npmjs.org\angular\.cache.json
25 silly install normalizeTree
26 silly loadCurrentTree Finishing
27 silly loadIdealTree Starting
28 silly install loadIdealTree
29 silly cloneCurrentTree Starting
30 silly install cloneCurrentTreeToIdealTree
31 silly cloneCurrentTree Finishing
32 silly loadShrinkwrap Starting
33 silly install loadShrinkwrap
34 silly loadShrinkwrap Finishing
35 silly loadAllDepsIntoIdealTree Starting
36 silly install loadAllDepsIntoIdealTree
37 silly resolveWithNewModule angular@1.5.9 checking installable status
38 silly cache add args [ 'angular', null ]
39 verbose cache add spec angular
40 silly cache add parsed spec Result {
40 silly cache add   raw: 'angular',
40 silly cache add   scope: null,
40 silly cache add   name: 'angular',
40 silly cache add   rawSpec: '',
40 silly cache add   spec: '*',
40 silly cache add   type: 'range' }
41 silly addNamed angular@*
42 verbose addNamed "*" is a valid semver range for angular
43 silly addNameRange { name: 'angular', range: '*', hasData: false }
44 silly mapToRegistry name angular
45 silly mapToRegistry using default registry
46 silly mapToRegistry registry https://registry.npmjs.org/
47 silly mapToRegistry uri https://registry.npmjs.org/angular
48 verbose addNameRange registry:https://registry.npmjs.org/angular not in flight; fetching
49 verbose get https://registry.npmjs.org/angular not expired, no request
50 silly addNameRange number 2 { name: 'angular', range: '*', hasData: true }
51 silly addNameRange versions [ 'angular',
51 silly addNameRange   [ '0.0.1',
51 silly addNameRange     '0.0.1-1',
51 silly addNameRange     '0.0.1-2',
51 silly addNameRange     '0.0.2',
51 silly addNameRange     '0.0.3',
51 silly addNameRange     '0.0.4',
51 silly addNameRange     '1.0.0',
51 silly addNameRange     '1.0.1',
51 silly addNameRange     '1.0.2',
51 silly addNameRange     '1.0.3',
51 silly addNameRange     '1.0.4',
51 silly addNameRange     '1.0.5',
51 silly addNameRange     '1.0.6',
51 silly addNameRange     '1.0.7',
51 silly addNameRange     '1.0.8',
51 silly addNameRange     '1.1.0',
51 silly addNameRange     '1.1.1',
51 silly addNameRange     '1.1.2',
51 silly addNameRange     '1.1.3',
51 silly addNameRange     '1.1.4',
51 silly addNameRange     '1.1.5',
51 silly addNameRange     '1.2.0',
51 silly addNameRange     '1.2.1',
51 silly addNameRange     '1.2.2',
51 silly addNameRange     '1.2.3',
51 silly addNameRange     '1.2.4',
51 silly addNameRange     '1.2.5',
51 silly addNameRange     '1.2.6',
51 silly addNameRange     '1.2.7',
51 silly addNameRange     '1.2.8',
51 silly addNameRange     '1.2.9',
51 silly addNameRange     '1.2.10',
51 silly addNameRange     '1.2.11',
51 silly addNameRange     '1.2.12',
51 silly addNameRange     '1.2.13',
51 silly addNameRange     '1.2.14',
51 silly addNameRange     '1.2.15',
51 silly addNameRange     '1.2.16',
51 silly addNameRange     '1.2.17',
51 silly addNameRange     '1.2.18',
51 silly addNameRange     '1.2.19',
51 silly addNameRange     '1.2.20',
51 silly addNameRange     '1.2.21',
51 silly addNameRange     '1.2.22',
51 silly addNameRange     '1.2.23',
51 silly addNameRange     '1.3.0-rc.5',
51 silly addNameRange     '1.3.0',
51 silly addNameRange     '1.3.1',
51 silly addNameRange     '1.3.2',
51 silly addNameRange     '1.3.3',
51 silly addNameRange     '1.3.4-build.3588',
51 silly addNameRange     '1.2.27',
51 silly addNameRange     '1.3.4',
51 silly addNameRange     '1.3.5',
51 silly addNameRange     '1.3.6',
51 silly addNameRange     '1.3.7',
51 silly addNameRange     '1.2.28',
51 silly addNameRange     '1.3.8',
51 silly addNameRange     '1.4.0-beta.0',
51 silly addNameRange     '1.3.9',
51 silly addNameRange     '1.3.10',
51 silly addNameRange     '1.4.0-beta.1',
51 silly addNameRange     '1.4.0-beta.2',
51 silly addNameRange     '1.3.11',
51 silly addNameRange     '1.4.0-beta.3',
51 silly addNameRange     '1.3.12',
51 silly addNameRange     '1.3.13',
51 silly addNameRange     '1.4.0-beta.4',
51 silly addNameRange     '1.3.14',
51 silly addNameRange     '1.4.0-beta.5',
51 silly addNameRange     '1.4.0-beta.6',
51 silly addNameRange     '1.3.15',
51 silly addNameRange     '1.4.0-rc.0',
51 silly addNameRange     '1.4.0-rc.1',
51 silly addNameRange     '1.4.0-rc.2',
51 silly addNameRange     '1.4.0',
51 silly addNameRange     '1.3.16',
51 silly addNameRange     '1.4.1',
51 silly addNameRange     '1.4.2',
51 silly addNameRange     '1.3.17',
51 silly addNameRange     '1.4.3',
51 silly addNameRange     '1.4.4',
51 silly addNameRange     '1.3.18',
51 silly addNameRange     '1.4.5',
51 silly addNameRange     '1.3.19',
51 silly addNameRange     '1.4.6',
51 silly addNameRange     '1.5.0-beta.0',
51 silly addNameRange     '1.2.29',
51 silly addNameRange     '1.3.20',
51 silly addNameRange     '1.4.7',
51 silly addNameRange     '1.5.0-beta.2',
51 silly addNameRange     '1.4.8',
51 silly addNameRange     '1.5.0-rc.0',
51 silly addNameRange     '1.5.0-rc.1',
51 silly addNameRange     '1.4.9',
51 silly addNameRange     '1.5.0-rc.2',
51 silly addNameRange     '1.5.0',
51 silly addNameRange     '1.5.1',
51 silly addNameRange     '1.4.10',
51 silly addNameRange     '1.5.2',
51 silly addNameRange     '1.5.3',
51 silly addNameRange     '1.5.5',
51 silly addNameRange     '1.4.11',
51 silly addNameRange     '1.5.6',
51 silly addNameRange     '1.4.12',
51 silly addNameRange     '1.5.7',
51 silly addNameRange     '1.2.30',
51 silly addNameRange     '1.5.8',
51 silly addNameRange     '1.4.13',
51 silly addNameRange     '1.2.31',
51 silly addNameRange     '1.2.32',
51 silly addNameRange     '1.4.14',
51 silly addNameRange     '1.6.0-rc.0',
51 silly addNameRange     '1.6.0-rc.1',
51 silly addNameRange     '1.5.9',
51 silly addNameRange     '1.6.0-rc.2' ] ]
52 silly addNamed angular@1.5.9
53 verbose addNamed "1.5.9" is a plain semver version for angular
54 silly mapToRegistry name angular
55 silly mapToRegistry using default registry
56 silly mapToRegistry registry https://registry.npmjs.org/
57 silly mapToRegistry uri https://registry.npmjs.org/angular
58 verbose addRemoteTarball https://registry.npmjs.org/angular/-/angular-1.5.9.tgz not in flight; adding
59 verbose addRemoteTarball [ 'https://registry.npmjs.org/angular/-/angular-1.5.9.tgz',
59 verbose addRemoteTarball   'b7aeff42dad87881e06be16b6690fe766d868b51' ]
60 info retry fetch attempt 1 at 11:42:30
61 info attempt registry request try #1 at 11:42:30
62 http fetch GET https://registry.npmjs.org/angular/-/angular-1.5.9.tgz
63 http fetch 200 https://registry.npmjs.org/angular/-/angular-1.5.9.tgz
64 silly fetchAndShaCheck shasum b7aeff42dad87881e06be16b6690fe766d868b51
65 silly rollbackFailedOptional Starting
66 silly rollbackFailedOptional Finishing
67 silly runTopLevelLifecycles Starting
68 silly runTopLevelLifecycles Finishing
69 silly install printInstalled
70 verbose stack Error: shasum check failed for C:\Users\lenovo\AppData\Local\Temp\npm-3148-9bee834a\registry.npmjs.org\angular\-\angular-1.5.9.tgz
70 verbose stack Expected: b7aeff42dad87881e06be16b6690fe766d868b51
70 verbose stack Actual:   e85f835edcd29c73e1f99429d1c07dbc9bc3e7c1
70 verbose stack From:     https://registry.npmjs.org/angular/-/angular-1.5.9.tgz
70 verbose stack     at C:\Program Files\nodejs\node_modules\npm\node_modules\sha\index.js:25:8
70 verbose stack     at ReadStream.<anonymous> (C:\Program Files\nodejs\node_modules\npm\node_modules\sha\index.js:72:7)
70 verbose stack     at emitNone (events.js:73:20)
70 verbose stack     at ReadStream.emit (events.js:167:7)
70 verbose stack     at endReadableNT (_stream_readable.js:906:12)
70 verbose stack     at nextTickCallbackWith2Args (node.js:455:9)
70 verbose stack     at process._tickCallback (node.js:369:17)
71 verbose cwd C:\Users\lenovo\Desktop\douban
72 error Windows_NT 10.0.10586
73 error argv "C:\\Program Files\\nodejs\\node.exe" "C:\\Program Files\\nodejs\\node_modules\\npm\\bin\\npm-cli.js" "install" "--save" "angular"
74 error node v5.2.0
75 error npm  v3.3.12
76 error shasum check failed for C:\Users\lenovo\AppData\Local\Temp\npm-3148-9bee834a\registry.npmjs.org\angular\-\angular-1.5.9.tgz
76 error Expected: b7aeff42dad87881e06be16b6690fe766d868b51
76 error Actual:   e85f835edcd29c73e1f99429d1c07dbc9bc3e7c1
76 error From:     https://registry.npmjs.org/angular/-/angular-1.5.9.tgz
77 error If you need help, you may report this error at:
77 error     <https://github.com/npm/npm/issues>
78 verbose exit [ 1, true ]
